# JRE version: Java(TM) SE Runtime Environment (8.0_181-b13) (build 1.8.0_181-b13)
# Java VM: Java HotSpot(TM) 64-Bit Server VM (25.181-b13 mixed mode windows-amd64 compressed oops)
Heap:
 PSYoungGen      total 35840K, used 21079K [0x00000000ec380000, 0x00000000f0000000, 0x0000000100000000)
  eden space 26624K, 59% used [0x00000000ec380000,0x00000000ed305a78,0x00000000edd80000)
  from space 9216K, 56% used [0x00000000ef700000,0x00000000efc103d8,0x00000000f0000000)
  to   space 2560K, 0% used [0x00000000edd80000,0x00000000edd80000,0x00000000ee000000)
 ParOldGen       total 24576K, used 22629K [0x00000000c4a00000, 0x00000000c6200000, 0x00000000ec380000)
  object space 24576K, 92% used [0x00000000c4a00000,0x00000000c6019420,0x00000000c6200000)
 Metaspace       used 21641K, capacity 22616K, committed 22784K, reserved 1071104K
  class space    used 3001K, capacity 3227K, committed 3328K, reserved 1048576K
GC Heap History (10 events):
Event: 5.579 GC heap before
{Heap before GC invocations=5 (full 1):
 PSYoungGen      total 17920K, used 17902K [0x00000000ec380000, 0x00000000ee280000, 0x0000000100000000)
  eden space 15360K, 100% used [0x00000000ec380000,0x00000000ed280000,0x00000000ed280000)
  from space 2560K, 99% used [0x00000000ed280000,0x00000000ed4fb870,0x00000000ed500000)
  to   space 2560K, 0% used [0x00000000ee000000,0x00000000ee000000,0x00000000ee280000)
 ParOldGen       total 22016K, used 2912K [0x00000000c4a00000, 0x00000000c5f80000, 0x00000000ec380000)
  object space 22016K, 13% used [0x00000000c4a00000,0x00000000c4cd8040,0x00000000c5f80000)
 Metaspace       used 17794K, capacity 18446K, committed 18688K, reserved 1067008K
  class space    used 2380K, capacity 2531K, committed 2560K, reserved 1048576K
Event: 5.610 GC heap after
Heap after GC invocations=5 (full 1):
 PSYoungGen      total 28672K, used 2560K [0x00000000ec380000, 0x00000000ee280000, 0x0000000100000000)
  eden space 26112K, 0% used [0x00000000ec380000,0x00000000ec380000,0x00000000edd00000)
  from space 2560K, 100% used [0x00000000ee000000,0x00000000ee280000,0x00000000ee280000)
  to   space 2560K, 0% used [0x00000000edd80000,0x00000000edd80000,0x00000000ee000000)
 ParOldGen       total 22016K, used 5278K [0x00000000c4a00000, 0x00000000c5f80000, 0x00000000ec380000)
  object space 22016K, 23% used [0x00000000c4a00000,0x00000000c4f27908,0x00000000c5f80000)
 Metaspace       used 17794K, capacity 18446K, committed 18688K, reserved 1067008K
  class space    used 2380K, capacity 2531K, committed 2560K, reserved 1048576K
}
Event: 7.066 GC heap before
{Heap before GC invocations=6 (full 1):
 PSYoungGen      total 28672K, used 19474K [0x00000000ec380000, 0x00000000ee280000, 0x0000000100000000)
  eden space 26112K, 64% used [0x00000000ec380000,0x00000000ed4048f8,0x00000000edd00000)
  from space 2560K, 100% used [0x00000000ee000000,0x00000000ee280000,0x00000000ee280000)
  to   space 2560K, 0% used [0x00000000edd80000,0x00000000edd80000,0x00000000ee000000)
 ParOldGen       total 22016K, used 5278K [0x00000000c4a00000, 0x00000000c5f80000, 0x00000000ec380000)
  object space 22016K, 23% used [0x00000000c4a00000,0x00000000c4f27908,0x00000000c5f80000)
 Metaspace       used 20364K, capacity 21166K, committed 21248K, reserved 1069056K
  class space    used 2836K, capacity 3022K, committed 3072K, reserved 1048576K
Event: 7.080 GC heap after
Heap after GC invocations=6 (full 1):
 PSYoungGen      total 29184K, used 2559K [0x00000000ec380000, 0x00000000f0000000, 0x0000000100000000)
  eden space 26624K, 0% used [0x00000000ec380000,0x00000000ec380000,0x00000000edd80000)
  from space 2560K, 99% used [0x00000000edd80000,0x00000000edfffd70,0x00000000ee000000)
  to   space 9216K, 0% used [0x00000000ef700000,0x00000000ef700000,0x00000000f0000000)
 ParOldGen       total 22016K, used 12845K [0x00000000c4a00000, 0x00000000c5f80000, 0x00000000ec380000)
  object space 22016K, 58% used [0x00000000c4a00000,0x00000000c568b590,0x00000000c5f80000)
 Metaspace       used 20364K, capacity 21166K, committed 21248K, reserved 1069056K
  class space    used 2836K, capacity 3022K, committed 3072K, reserved 1048576K
}
Event: 7.080 GC heap before
{Heap before GC invocations=7 (full 2):
 PSYoungGen      total 29184K, used 2559K [0x00000000ec380000, 0x00000000f0000000, 0x0000000100000000)
  eden space 26624K, 0% used [0x00000000ec380000,0x00000000ec380000,0x00000000edd80000)
  from space 2560K, 99% used [0x00000000edd80000,0x00000000edfffd70,0x00000000ee000000)
  to   space 9216K, 0% used [0x00000000ef700000,0x00000000ef700000,0x00000000f0000000)
 ParOldGen       total 22016K, used 12845K [0x00000000c4a00000, 0x00000000c5f80000, 0x00000000ec380000)
  object space 22016K, 58% used [0x00000000c4a00000,0x00000000c568b590,0x00000000c5f80000)
 Metaspace       used 20364K, capacity 21166K, committed 21248K, reserved 1069056K
  class space    used 2836K, capacity 3022K, committed 3072K, reserved 1048576K
Event: 7.158 GC heap after
Heap after GC invocations=7 (full 2):
 PSYoungGen      total 29184K, used 0K [0x00000000ec380000, 0x00000000f0000000, 0x0000000100000000)
  eden space 26624K, 0% used [0x00000000ec380000,0x00000000ec380000,0x00000000edd80000)
  from space 2560K, 0% used [0x00000000edd80000,0x00000000edd80000,0x00000000ee000000)
  to   space 9216K, 0% used [0x00000000ef700000,0x00000000ef700000,0x00000000f0000000)
 ParOldGen       total 22016K, used 14737K [0x00000000c4a00000, 0x00000000c5f80000, 0x00000000ec380000)
  object space 22016K, 66% used [0x00000000c4a00000,0x00000000c5864590,0x00000000c5f80000)
 Metaspace       used 20364K, capacity 21166K, committed 21248K, reserved 1069056K
  class space    used 2836K, capacity 3022K, committed 3072K, reserved 1048576K
}
Event: 7.843 GC heap before
{Heap before GC invocations=8 (full 2):
 PSYoungGen      total 29184K, used 19671K [0x00000000ec380000, 0x00000000f0000000, 0x0000000100000000)
  eden space 26624K, 73% used [0x00000000ec380000,0x00000000ed6b5e68,0x00000000edd80000)
  from space 2560K, 0% used [0x00000000edd80000,0x00000000edd80000,0x00000000ee000000)
  to   space 9216K, 0% used [0x00000000ef700000,0x00000000ef700000,0x00000000f0000000)
 ParOldGen       total 22016K, used 14737K [0x00000000c4a00000, 0x00000000c5f80000, 0x00000000ec380000)
  object space 22016K, 66% used [0x00000000c4a00000,0x00000000c5864590,0x00000000c5f80000)
 Metaspace       used 21354K, capacity 22296K, committed 22528K, reserved 1071104K
  class space    used 2988K, capacity 3227K, committed 3328K, reserved 1048576K
Event: 7.857 GC heap after
Heap after GC invocations=8 (full 2):
 PSYoungGen      total 35840K, used 9192K [0x00000000ec380000, 0x00000000f0000000, 0x0000000100000000)
  eden space 26624K, 0% used [0x00000000ec380000,0x00000000ec380000,0x00000000edd80000)
  from space 9216K, 99% used [0x00000000ef700000,0x00000000efffa2a0,0x00000000f0000000)
  to   space 2560K, 0% used [0x00000000edd80000,0x00000000edd80000,0x00000000ee000000)
 ParOldGen       total 24576K, used 24039K [0x00000000c4a00000, 0x00000000c6200000, 0x00000000ec380000)
  object space 24576K, 97% used [0x00000000c4a00000,0x00000000c6179f98,0x00000000c6200000)
 Metaspace       used 21354K, capacity 22296K, committed 22528K, reserved 1071104K
  class space    used 2988K, capacity 3227K, committed 3328K, reserved 1048576K
}
Event: 7.857 GC heap before
{Heap before GC invocations=9 (full 3):
 PSYoungGen      total 35840K, used 9192K [0x00000000ec380000, 0x00000000f0000000, 0x0000000100000000)
  eden space 26624K, 0% used [0x00000000ec380000,0x00000000ec380000,0x00000000edd80000)
  from space 9216K, 99% used [0x00000000ef700000,0x00000000efffa2a0,0x00000000f0000000)
  to   space 2560K, 0% used [0x00000000edd80000,0x00000000edd80000,0x00000000ee000000)
 ParOldGen       total 24576K, used 24039K [0x00000000c4a00000, 0x00000000c6200000, 0x00000000ec380000)
  object space 24576K, 97% used [0x00000000c4a00000,0x00000000c6179f98,0x00000000c6200000)
 Metaspace       used 21354K, capacity 22296K, committed 22528K, reserved 1071104K
  class space    used 2988K, capacity 3227K, committed 3328K, reserved 1048576K
Event: 7.940 GC heap after
Heap after GC invocations=9 (full 3):
 PSYoungGen      total 35840K, used 5184K [0x00000000ec380000, 0x00000000f0000000, 0x0000000100000000)
  eden space 26624K, 0% used [0x00000000ec380000,0x00000000ec380000,0x00000000edd80000)
  from space 9216K, 56% used [0x00000000ef700000,0x00000000efc103d8,0x00000000f0000000)
  to   space 2560K, 0% used [0x00000000edd80000,0x00000000edd80000,0x00000000ee000000)
 ParOldGen       total 24576K, used 22629K [0x00000000c4a00000, 0x00000000c6200000, 0x00000000ec380000)
  object space 24576K, 92% used [0x00000000c4a00000,0x00000000c6019420,0x00000000c6200000)
 Metaspace       used 21354K, capacity 22296K, committed 22528K, reserved 1071104K
  class space    used 2988K, capacity 3227K, committed 3328K, reserved 1048576K
}

