# JRE version: Java(TM) SE Runtime Environment (8.0_181-b13) (build 1.8.0_181-b13)
# Java VM: Java HotSpot(TM) 64-Bit Server VM (25.181-b13 mixed mode windows-amd64 compressed oops)
Heap:
 PSYoungGen      total 34304K, used 20249K [0x00000000ec380000, 0x00000000efe80000, 0x0000000100000000)
  eden space 24064K, 44% used [0x00000000ec380000,0x00000000ecddc390,0x00000000edb00000)
  from space 10240K, 94% used [0x00000000edb00000,0x00000000ee46a318,0x00000000ee500000)
  to   space 12288K, 0% used [0x00000000ef280000,0x00000000ef280000,0x00000000efe80000)
 ParOldGen       total 44544K, used 15336K [0x00000000c4a00000, 0x00000000c7580000, 0x00000000ec380000)
  object space 44544K, 34% used [0x00000000c4a00000,0x00000000c58fa3c0,0x00000000c7580000)
 Metaspace       used 25830K, capacity 27154K, committed 27392K, reserved 1073152K
  class space    used 3456K, capacity 3728K, committed 3840K, reserved 1048576K
GC Heap History (10 events):
Event: 4.809 GC heap before
{Heap before GC invocations=4 (full 0):
 PSYoungGen      total 17920K, used 17904K [0x00000000ec380000, 0x00000000ed780000, 0x0000000100000000)
  eden space 15360K, 100% used [0x00000000ec380000,0x00000000ed280000,0x00000000ed280000)
  from space 2560K, 99% used [0x00000000ed280000,0x00000000ed4fc030,0x00000000ed500000)
  to   space 2560K, 0% used [0x00000000ed500000,0x00000000ed500000,0x00000000ed780000)
 ParOldGen       total 40960K, used 6221K [0x00000000c4a00000, 0x00000000c7200000, 0x00000000ec380000)
  object space 40960K, 15% used [0x00000000c4a00000,0x00000000c5013780,0x00000000c7200000)
 Metaspace       used 19441K, capacity 20190K, committed 20352K, reserved 1067008K
  class space    used 2641K, capacity 2830K, committed 2944K, reserved 1048576K
Event: 4.871 GC heap after
Heap after GC invocations=4 (full 0):
 PSYoungGen      total 17920K, used 2558K [0x00000000ec380000, 0x00000000ee680000, 0x0000000100000000)
  eden space 15360K, 0% used [0x00000000ec380000,0x00000000ec380000,0x00000000ed280000)
  from space 2560K, 99% used [0x00000000ed500000,0x00000000ed77f950,0x00000000ed780000)
  to   space 2560K, 0% used [0x00000000ed280000,0x00000000ed280000,0x00000000ed500000)
 ParOldGen       total 40960K, used 13524K [0x00000000c4a00000, 0x00000000c7200000, 0x00000000ec380000)
  object space 40960K, 33% used [0x00000000c4a00000,0x00000000c57350f8,0x00000000c7200000)
 Metaspace       used 19441K, capacity 20190K, committed 20352K, reserved 1067008K
  class space    used 2641K, capacity 2830K, committed 2944K, reserved 1048576K
}
Event: 5.063 GC heap before
{Heap before GC invocations=5 (full 0):
 PSYoungGen      total 17920K, used 5739K [0x00000000ec380000, 0x00000000ee680000, 0x0000000100000000)
  eden space 15360K, 20% used [0x00000000ec380000,0x00000000ec69b438,0x00000000ed280000)
  from space 2560K, 99% used [0x00000000ed500000,0x00000000ed77f950,0x00000000ed780000)
  to   space 2560K, 0% used [0x00000000ed280000,0x00000000ed280000,0x00000000ed500000)
 ParOldGen       total 40960K, used 13524K [0x00000000c4a00000, 0x00000000c7200000, 0x00000000ec380000)
  object space 40960K, 33% used [0x00000000c4a00000,0x00000000c57350f8,0x00000000c7200000)
 Metaspace       used 20320K, capacity 21134K, committed 21248K, reserved 1067008K
  class space    used 2811K, capacity 2988K, committed 3072K, reserved 1048576K
Event: 5.071 GC heap after
Heap after GC invocations=5 (full 0):
 PSYoungGen      total 17920K, used 2538K [0x00000000ec380000, 0x00000000ef580000, 0x0000000100000000)
  eden space 15360K, 0% used [0x00000000ec380000,0x00000000ec380000,0x00000000ed280000)
  from space 2560K, 99% used [0x00000000ed280000,0x00000000ed4faaf0,0x00000000ed500000)
  to   space 10240K, 0% used [0x00000000eeb80000,0x00000000eeb80000,0x00000000ef580000)
 ParOldGen       total 40960K, used 14071K [0x00000000c4a00000, 0x00000000c7200000, 0x00000000ec380000)
  object space 40960K, 34% used [0x00000000c4a00000,0x00000000c57bdf48,0x00000000c7200000)
 Metaspace       used 20320K, capacity 21134K, committed 21248K, reserved 1067008K
  class space    used 2811K, capacity 2988K, committed 3072K, reserved 1048576K
}
Event: 5.071 GC heap before
{Heap before GC invocations=6 (full 1):
 PSYoungGen      total 17920K, used 2538K [0x00000000ec380000, 0x00000000ef580000, 0x0000000100000000)
  eden space 15360K, 0% used [0x00000000ec380000,0x00000000ec380000,0x00000000ed280000)
  from space 2560K, 99% used [0x00000000ed280000,0x00000000ed4faaf0,0x00000000ed500000)
  to   space 10240K, 0% used [0x00000000eeb80000,0x00000000eeb80000,0x00000000ef580000)
 ParOldGen       total 40960K, used 14071K [0x00000000c4a00000, 0x00000000c7200000, 0x00000000ec380000)
  object space 40960K, 34% used [0x00000000c4a00000,0x00000000c57bdf48,0x00000000c7200000)
 Metaspace       used 20320K, capacity 21134K, committed 21248K, reserved 1067008K
  class space    used 2811K, capacity 2988K, committed 3072K, reserved 1048576K
Event: 5.162 GC heap after
Heap after GC invocations=6 (full 1):
 PSYoungGen      total 17920K, used 0K [0x00000000ec380000, 0x00000000ef580000, 0x0000000100000000)
  eden space 15360K, 0% used [0x00000000ec380000,0x00000000ec380000,0x00000000ed280000)
  from space 2560K, 0% used [0x00000000ed280000,0x00000000ed280000,0x00000000ed500000)
  to   space 10240K, 0% used [0x00000000eeb80000,0x00000000eeb80000,0x00000000ef580000)
 ParOldGen       total 44544K, used 15320K [0x00000000c4a00000, 0x00000000c7580000, 0x00000000ec380000)
  object space 44544K, 34% used [0x00000000c4a00000,0x00000000c58f63c0,0x00000000c7580000)
 Metaspace       used 20320K, capacity 21134K, committed 21248K, reserved 1067008K
  class space    used 2811K, capacity 2988K, committed 3072K, reserved 1048576K
}
Event: 15.551 GC heap before
{Heap before GC invocations=7 (full 1):
 PSYoungGen      total 17920K, used 15360K [0x00000000ec380000, 0x00000000ef580000, 0x0000000100000000)
  eden space 15360K, 100% used [0x00000000ec380000,0x00000000ed280000,0x00000000ed280000)
  from space 2560K, 0% used [0x00000000ed280000,0x00000000ed280000,0x00000000ed500000)
  to   space 10240K, 0% used [0x00000000eeb80000,0x00000000eeb80000,0x00000000ef580000)
 ParOldGen       total 44544K, used 15320K [0x00000000c4a00000, 0x00000000c7580000, 0x00000000ec380000)
  object space 44544K, 34% used [0x00000000c4a00000,0x00000000c58f63c0,0x00000000c7580000)
 Metaspace       used 22750K, capacity 23716K, committed 23808K, reserved 1069056K
  class space    used 3030K, capacity 3261K, committed 3328K, reserved 1048576K
Event: 15.555 GC heap after
Heap after GC invocations=7 (full 1):
 PSYoungGen      total 27648K, used 1714K [0x00000000ec380000, 0x00000000eef00000, 0x0000000100000000)
  eden space 24064K, 0% used [0x00000000ec380000,0x00000000ec380000,0x00000000edb00000)
  from space 3584K, 47% used [0x00000000eeb80000,0x00000000eed2ca90,0x00000000eef00000)
  to   space 10240K, 0% used [0x00000000edb00000,0x00000000edb00000,0x00000000ee500000)
 ParOldGen       total 44544K, used 15328K [0x00000000c4a00000, 0x00000000c7580000, 0x00000000ec380000)
  object space 44544K, 34% used [0x00000000c4a00000,0x00000000c58f83c0,0x00000000c7580000)
 Metaspace       used 22750K, capacity 23716K, committed 23808K, reserved 1069056K
  class space    used 3030K, capacity 3261K, committed 3328K, reserved 1048576K
}
Event: 38.081 GC heap before
{Heap before GC invocations=8 (full 1):
 PSYoungGen      total 27648K, used 25778K [0x00000000ec380000, 0x00000000eef00000, 0x0000000100000000)
  eden space 24064K, 100% used [0x00000000ec380000,0x00000000edb00000,0x00000000edb00000)
  from space 3584K, 47% used [0x00000000eeb80000,0x00000000eed2ca90,0x00000000eef00000)
  to   space 10240K, 0% used [0x00000000edb00000,0x00000000edb00000,0x00000000ee500000)
 ParOldGen       total 44544K, used 15328K [0x00000000c4a00000, 0x00000000c7580000, 0x00000000ec380000)
  object space 44544K, 34% used [0x00000000c4a00000,0x00000000c58f83c0,0x00000000c7580000)
 Metaspace       used 24755K, capacity 25974K, committed 26112K, reserved 1071104K
  class space    used 3284K, capacity 3508K, committed 3584K, reserved 1048576K
Event: 38.091 GC heap after
Heap after GC invocations=8 (full 1):
 PSYoungGen      total 34304K, used 9640K [0x00000000ec380000, 0x00000000efe80000, 0x0000000100000000)
  eden space 24064K, 0% used [0x00000000ec380000,0x00000000ec380000,0x00000000edb00000)
  from space 10240K, 94% used [0x00000000edb00000,0x00000000ee46a318,0x00000000ee500000)
  to   space 12288K, 0% used [0x00000000ef280000,0x00000000ef280000,0x00000000efe80000)
 ParOldGen       total 44544K, used 15336K [0x00000000c4a00000, 0x00000000c7580000, 0x00000000ec380000)
  object space 44544K, 34% used [0x00000000c4a00000,0x00000000c58fa3c0,0x00000000c7580000)
 Metaspace       used 24755K, capacity 25974K, committed 26112K, reserved 1071104K
  class space    used 3284K, capacity 3508K, committed 3584K, reserved 1048576K
}

