# JRE version: Java(TM) SE Runtime Environment (8.0_181-b13) (build 1.8.0_181-b13)
# Java VM: Java HotSpot(TM) 64-Bit Server VM (25.181-b13 mixed mode windows-amd64 compressed oops)
Heap:
 PSYoungGen      total 53248K, used 35052K [0x00000000ec380000, 0x00000000f1000000, 0x0000000100000000)
  eden space 40960K, 55% used [0x00000000ec380000,0x00000000ed9bc988,0x00000000eeb80000)
  from space 12288K, 99% used [0x00000000efb80000,0x00000000f077e6c8,0x00000000f0780000)
  to   space 16384K, 0% used [0x00000000eeb80000,0x00000000eeb80000,0x00000000efb80000)
 ParOldGen       total 40448K, used 17525K [0x00000000c4a00000, 0x00000000c7180000, 0x00000000ec380000)
  object space 40448K, 43% used [0x00000000c4a00000,0x00000000c5b1d6b0,0x00000000c7180000)
 Metaspace       used 28412K, capacity 30040K, committed 30336K, reserved 1075200K
  class space    used 3825K, capacity 4163K, committed 4224K, reserved 1048576K
GC Heap History (10 events):
Event: 17.515 GC heap before
{Heap before GC invocations=5 (full 0):
 PSYoungGen      total 17920K, used 5733K [0x00000000ec380000, 0x00000000ed780000, 0x0000000100000000)
  eden space 15360K, 20% used [0x00000000ec380000,0x00000000ec69b9f0,0x00000000ed280000)
  from space 2560K, 99% used [0x00000000ed500000,0x00000000ed77dce0,0x00000000ed780000)
  to   space 2560K, 0% used [0x00000000ed280000,0x00000000ed280000,0x00000000ed500000)
 ParOldGen       total 40960K, used 13514K [0x00000000c4a00000, 0x00000000c7200000, 0x00000000ec380000)
  object space 40960K, 32% used [0x00000000c4a00000,0x00000000c5732a68,0x00000000c7200000)
 Metaspace       used 20307K, capacity 21118K, committed 21248K, reserved 1067008K
  class space    used 2810K, capacity 2988K, committed 3072K, reserved 1048576K
Event: 17.524 GC heap after
Heap after GC invocations=5 (full 0):
 PSYoungGen      total 17920K, used 2551K [0x00000000ec380000, 0x00000000ef580000, 0x0000000100000000)
  eden space 15360K, 0% used [0x00000000ec380000,0x00000000ec380000,0x00000000ed280000)
  from space 2560K, 99% used [0x00000000ed280000,0x00000000ed4fdcc0,0x00000000ed500000)
  to   space 10240K, 0% used [0x00000000eeb80000,0x00000000eeb80000,0x00000000ef580000)
 ParOldGen       total 40960K, used 14014K [0x00000000c4a00000, 0x00000000c7200000, 0x00000000ec380000)
  object space 40960K, 34% used [0x00000000c4a00000,0x00000000c57afaa8,0x00000000c7200000)
 Metaspace       used 20307K, capacity 21118K, committed 21248K, reserved 1067008K
  class space    used 2810K, capacity 2988K, committed 3072K, reserved 1048576K
}
Event: 17.524 GC heap before
{Heap before GC invocations=6 (full 1):
 PSYoungGen      total 17920K, used 2551K [0x00000000ec380000, 0x00000000ef580000, 0x0000000100000000)
  eden space 15360K, 0% used [0x00000000ec380000,0x00000000ec380000,0x00000000ed280000)
  from space 2560K, 99% used [0x00000000ed280000,0x00000000ed4fdcc0,0x00000000ed500000)
  to   space 10240K, 0% used [0x00000000eeb80000,0x00000000eeb80000,0x00000000ef580000)
 ParOldGen       total 40960K, used 14014K [0x00000000c4a00000, 0x00000000c7200000, 0x00000000ec380000)
  object space 40960K, 34% used [0x00000000c4a00000,0x00000000c57afaa8,0x00000000c7200000)
 Metaspace       used 20307K, capacity 21118K, committed 21248K, reserved 1067008K
  class space    used 2810K, capacity 2988K, committed 3072K, reserved 1048576K
Event: 17.603 GC heap after
Heap after GC invocations=6 (full 1):
 PSYoungGen      total 17920K, used 0K [0x00000000ec380000, 0x00000000ef580000, 0x0000000100000000)
  eden space 15360K, 0% used [0x00000000ec380000,0x00000000ec380000,0x00000000ed280000)
  from space 2560K, 0% used [0x00000000ed280000,0x00000000ed280000,0x00000000ed500000)
  to   space 10240K, 0% used [0x00000000eeb80000,0x00000000eeb80000,0x00000000ef580000)
 ParOldGen       total 40448K, used 13737K [0x00000000c4a00000, 0x00000000c7180000, 0x00000000ec380000)
  object space 40448K, 33% used [0x00000000c4a00000,0x00000000c576a578,0x00000000c7180000)
 Metaspace       used 20307K, capacity 21118K, committed 21248K, reserved 1067008K
  class space    used 2810K, capacity 2988K, committed 3072K, reserved 1048576K
}
Event: 27.967 GC heap before
{Heap before GC invocations=7 (full 1):
 PSYoungGen      total 17920K, used 15043K [0x00000000ec380000, 0x00000000ef580000, 0x0000000100000000)
  eden space 15360K, 97% used [0x00000000ec380000,0x00000000ed230d18,0x00000000ed280000)
  from space 2560K, 0% used [0x00000000ed280000,0x00000000ed280000,0x00000000ed500000)
  to   space 10240K, 0% used [0x00000000eeb80000,0x00000000eeb80000,0x00000000ef580000)
 ParOldGen       total 40448K, used 13737K [0x00000000c4a00000, 0x00000000c7180000, 0x00000000ec380000)
  object space 40448K, 33% used [0x00000000c4a00000,0x00000000c576a578,0x00000000c7180000)
 Metaspace       used 22760K, capacity 23704K, committed 23808K, reserved 1069056K
  class space    used 3034K, capacity 3261K, committed 3328K, reserved 1048576K
Event: 27.974 GC heap after
Heap after GC invocations=7 (full 1):
 PSYoungGen      total 32768K, used 1682K [0x00000000ec380000, 0x00000000ef180000, 0x0000000100000000)
  eden space 26624K, 0% used [0x00000000ec380000,0x00000000ec380000,0x00000000edd80000)
  from space 6144K, 27% used [0x00000000eeb80000,0x00000000eed24a90,0x00000000ef180000)
  to   space 10240K, 0% used [0x00000000edd80000,0x00000000edd80000,0x00000000ee780000)
 ParOldGen       total 40448K, used 13745K [0x00000000c4a00000, 0x00000000c7180000, 0x00000000ec380000)
  object space 40448K, 33% used [0x00000000c4a00000,0x00000000c576c578,0x00000000c7180000)
 Metaspace       used 22760K, capacity 23704K, committed 23808K, reserved 1069056K
  class space    used 3034K, capacity 3261K, committed 3328K, reserved 1048576K
}
Event: 51.587 GC heap before
{Heap before GC invocations=8 (full 1):
 PSYoungGen      total 32768K, used 28306K [0x00000000ec380000, 0x00000000ef180000, 0x0000000100000000)
  eden space 26624K, 100% used [0x00000000ec380000,0x00000000edd80000,0x00000000edd80000)
  from space 6144K, 27% used [0x00000000eeb80000,0x00000000eed24a90,0x00000000ef180000)
  to   space 10240K, 0% used [0x00000000edd80000,0x00000000edd80000,0x00000000ee780000)
 ParOldGen       total 40448K, used 13745K [0x00000000c4a00000, 0x00000000c7180000, 0x00000000ec380000)
  object space 40448K, 33% used [0x00000000c4a00000,0x00000000c576c578,0x00000000c7180000)
 Metaspace       used 25164K, capacity 26320K, committed 26368K, reserved 1073152K
  class space    used 3320K, capacity 3541K, committed 3584K, reserved 1048576K
Event: 51.599 GC heap after
Heap after GC invocations=8 (full 1):
 PSYoungGen      total 36864K, used 10136K [0x00000000ec380000, 0x00000000f0780000, 0x0000000100000000)
  eden space 26624K, 0% used [0x00000000ec380000,0x00000000ec380000,0x00000000edd80000)
  from space 10240K, 98% used [0x00000000edd80000,0x00000000ee7660e0,0x00000000ee780000)
  to   space 12288K, 0% used [0x00000000efb80000,0x00000000efb80000,0x00000000f0780000)
 ParOldGen       total 40448K, used 13753K [0x00000000c4a00000, 0x00000000c7180000, 0x00000000ec380000)
  object space 40448K, 34% used [0x00000000c4a00000,0x00000000c576e578,0x00000000c7180000)
 Metaspace       used 25164K, capacity 26320K, committed 26368K, reserved 1073152K
  class space    used 3320K, capacity 3541K, committed 3584K, reserved 1048576K
}
Event: 52.928 GC heap before
{Heap before GC invocations=9 (full 1):
 PSYoungGen      total 36864K, used 36760K [0x00000000ec380000, 0x00000000f0780000, 0x0000000100000000)
  eden space 26624K, 100% used [0x00000000ec380000,0x00000000edd80000,0x00000000edd80000)
  from space 10240K, 98% used [0x00000000edd80000,0x00000000ee7660e0,0x00000000ee780000)
  to   space 12288K, 0% used [0x00000000efb80000,0x00000000efb80000,0x00000000f0780000)
 ParOldGen       total 40448K, used 13753K [0x00000000c4a00000, 0x00000000c7180000, 0x00000000ec380000)
  object space 40448K, 34% used [0x00000000c4a00000,0x00000000c576e578,0x00000000c7180000)
 Metaspace       used 27655K, capacity 29086K, committed 29184K, reserved 1075200K
  class space    used 3743K, capacity 4036K, committed 4096K, reserved 1048576K
Event: 52.948 GC heap after
Heap after GC invocations=9 (full 1):
 PSYoungGen      total 53248K, used 12281K [0x00000000ec380000, 0x00000000f1000000, 0x0000000100000000)
  eden space 40960K, 0% used [0x00000000ec380000,0x00000000ec380000,0x00000000eeb80000)
  from space 12288K, 99% used [0x00000000efb80000,0x00000000f077e6c8,0x00000000f0780000)
  to   space 16384K, 0% used [0x00000000eeb80000,0x00000000eeb80000,0x00000000efb80000)
 ParOldGen       total 40448K, used 17525K [0x00000000c4a00000, 0x00000000c7180000, 0x00000000ec380000)
  object space 40448K, 43% used [0x00000000c4a00000,0x00000000c5b1d6b0,0x00000000c7180000)
 Metaspace       used 27655K, capacity 29086K, committed 29184K, reserved 1075200K
  class space    used 3743K, capacity 4036K, committed 4096K, reserved 1048576K
}

